2023-08-02T10:42:16.520+05:30  INFO 15632 --- [restartedMain] c.s.b.Backtracking1Application           : Starting Backtracking1Application using Java 17.0.7 with PID 15632 (C:\Users\lavanya.dirisala\eclipse-EE-IDE\backtracking1\target\classes started by lavanya.dirisala in C:\Users\lavanya.dirisala\eclipse-EE-IDE\backtracking1)
2023-08-02T10:42:16.544+05:30  INFO 15632 --- [restartedMain] c.s.b.Backtracking1Application           : No active profile set, falling back to 1 default profile: "default"
2023-08-02T10:42:16.612+05:30  INFO 15632 --- [restartedMain] .e.DevToolsPropertyDefaultsPostProcessor : Devtools property defaults active! Set 'spring.devtools.add-properties' to 'false' to disable
2023-08-02T10:42:16.613+05:30  INFO 15632 --- [restartedMain] .e.DevToolsPropertyDefaultsPostProcessor : For additional web related logging consider setting the 'logging.level.web' property to 'DEBUG'
2023-08-02T10:42:18.277+05:30  INFO 15632 --- [restartedMain] .s.d.r.c.RepositoryConfigurationDelegate : Bootstrapping Spring Data JPA repositories in DEFAULT mode.
2023-08-02T10:42:18.366+05:30  INFO 15632 --- [restartedMain] .s.d.r.c.RepositoryConfigurationDelegate : Finished Spring Data repository scanning in 81 ms. Found 7 JPA repository interfaces.
2023-08-02T10:42:19.413+05:30  INFO 15632 --- [restartedMain] o.s.b.w.embedded.tomcat.TomcatWebServer  : Tomcat initialized with port(s): 9090 (http)
2023-08-02T10:42:19.426+05:30  INFO 15632 --- [restartedMain] o.apache.catalina.core.StandardService   : Starting service [Tomcat]
2023-08-02T10:42:19.428+05:30  INFO 15632 --- [restartedMain] o.apache.catalina.core.StandardEngine    : Starting Servlet engine: [Apache Tomcat/10.1.8]
2023-08-02T10:42:19.527+05:30  INFO 15632 --- [restartedMain] o.a.c.c.C.[Tomcat].[localhost].[/]       : Initializing Spring embedded WebApplicationContext
2023-08-02T10:42:19.528+05:30  INFO 15632 --- [restartedMain] w.s.c.ServletWebServerApplicationContext : Root WebApplicationContext: initialization completed in 2913 ms
2023-08-02T10:42:19.574+05:30  INFO 15632 --- [restartedMain] com.zaxxer.hikari.HikariDataSource       : HikariPool-1 - Starting...
2023-08-02T10:42:19.807+05:30  INFO 15632 --- [restartedMain] com.zaxxer.hikari.pool.HikariPool        : HikariPool-1 - Added connection org.postgresql.jdbc.PgConnection@3e7f5f3
2023-08-02T10:42:19.810+05:30  INFO 15632 --- [restartedMain] com.zaxxer.hikari.HikariDataSource       : HikariPool-1 - Start completed.
2023-08-02T10:42:19.825+05:30  INFO 15632 --- [restartedMain] o.s.b.a.h2.H2ConsoleAutoConfiguration    : H2 console available at '/h2-console'. Database available at 'jdbc:postgresql://localhost:5432/Trading'
2023-08-02T10:42:19.955+05:30  INFO 15632 --- [restartedMain] o.hibernate.jpa.internal.util.LogHelper  : HHH000204: Processing PersistenceUnitInfo [name: default]
2023-08-02T10:42:20.018+05:30  INFO 15632 --- [restartedMain] org.hibernate.Version                    : HHH000412: Hibernate ORM core version 6.2.2.Final
2023-08-02T10:42:20.022+05:30  INFO 15632 --- [restartedMain] org.hibernate.cfg.Environment            : HHH000406: Using bytecode reflection optimizer
2023-08-02T10:42:20.200+05:30  INFO 15632 --- [restartedMain] o.h.b.i.BytecodeProviderInitiator        : HHH000021: Bytecode provider name : bytebuddy
2023-08-02T10:42:20.361+05:30  INFO 15632 --- [restartedMain] o.s.o.j.p.SpringPersistenceUnitInfo      : No LoadTimeWeaver setup: ignoring JPA class transformer
2023-08-02T10:42:20.467+05:30  INFO 15632 --- [restartedMain] org.hibernate.orm.dialect                : HHH035001: Using dialect: org.hibernate.dialect.PostgreSQLDialect, version: org.hibernate.engine.jdbc.env.internal.JdbcEnvironmentInitiator$DialectResolutionInfoImpl@161946f3
2023-08-02T10:42:20.804+05:30  INFO 15632 --- [restartedMain] o.h.b.i.BytecodeProviderInitiator        : HHH000021: Bytecode provider name : bytebuddy
2023-08-02T10:42:21.624+05:30  INFO 15632 --- [restartedMain] o.h.e.t.j.p.i.JtaPlatformInitiator       : HHH000490: Using JtaPlatform implementation: [org.hibernate.engine.transaction.jta.platform.internal.NoJtaPlatform]
2023-08-02T10:42:21.831+05:30  INFO 15632 --- [restartedMain] j.LocalContainerEntityManagerFactoryBean : Initialized JPA EntityManagerFactory for persistence unit 'default'
2023-08-02T10:42:22.585+05:30  WARN 15632 --- [restartedMain] JpaBaseConfiguration$JpaWebConfiguration : spring.jpa.open-in-view is enabled by default. Therefore, database queries may be performed during view rendering. Explicitly configure spring.jpa.open-in-view to disable this warning
2023-08-02T10:42:23.586+05:30  INFO 15632 --- [restartedMain] o.s.s.web.DefaultSecurityFilterChain     : Will secure any request with [org.springframework.security.web.session.DisableEncodeUrlFilter@7220b4f8, org.springframework.security.web.context.request.async.WebAsyncManagerIntegrationFilter@165a5333, org.springframework.security.web.context.SecurityContextHolderFilter@1317761f, org.springframework.security.web.header.HeaderWriterFilter@186e7665, org.springframework.security.web.authentication.logout.LogoutFilter@6e667ecd, com.spring.backtracking1.auth.AuthJwtTokenFilter@7b47ec08, org.springframework.security.web.savedrequest.RequestCacheAwareFilter@3e094853, org.springframework.security.web.servletapi.SecurityContextHolderAwareRequestFilter@277ae2f, org.springframework.security.web.authentication.AnonymousAuthenticationFilter@852a3ce, org.springframework.security.web.access.ExceptionTranslationFilter@1dbe0a20, org.springframework.security.web.access.intercept.AuthorizationFilter@4925a768]
2023-08-02T10:42:23.942+05:30  INFO 15632 --- [restartedMain] o.s.b.d.a.OptionalLiveReloadServer       : LiveReload server is running on port 35729
2023-08-02T10:42:23.986+05:30  INFO 15632 --- [restartedMain] o.s.b.w.embedded.tomcat.TomcatWebServer  : Tomcat started on port(s): 9090 (http) with context path ''
2023-08-02T10:42:23.998+05:30  INFO 15632 --- [scheduling-1] c.s.b.scheduler.SchedulerForFinanceData  : scheduler data called
2023-08-02T10:42:24.000+05:30  INFO 15632 --- [restartedMain] c.s.b.Backtracking1Application           : Started Backtracking1Application in 8.205 seconds (process running for 9.001)
2023-08-02T10:46:58.498+05:30  INFO 15632 --- [http-nio-9090-exec-1] o.a.c.c.C.[Tomcat].[localhost].[/]       : Initializing Spring DispatcherServlet 'dispatcherServlet'
2023-08-02T10:46:58.499+05:30  INFO 15632 --- [http-nio-9090-exec-1] o.s.web.servlet.DispatcherServlet        : Initializing Servlet 'dispatcherServlet'
2023-08-02T10:46:58.502+05:30  INFO 15632 --- [http-nio-9090-exec-1] o.s.web.servlet.DispatcherServlet        : Completed initialization in 2 ms
2023-08-02T10:46:59.394+05:30  INFO 15632 --- [http-nio-9090-exec-2] c.s.b.controller.UserController          : User has been logged in with the user email manyau@gmail.com
2023-08-02T10:47:23.999+05:30  INFO 15632 --- [scheduling-1] c.s.b.scheduler.SchedulerForFinanceData  : scheduler data called
2023-08-02T10:52:24.000+05:30  INFO 15632 --- [scheduling-1] c.s.b.scheduler.SchedulerForFinanceData  : scheduler data called
2023-08-02T10:57:24.009+05:30  INFO 15632 --- [scheduling-1] c.s.b.scheduler.SchedulerForFinanceData  : scheduler data called
2023-08-02T11:02:24.005+05:30  INFO 15632 --- [scheduling-1] c.s.b.scheduler.SchedulerForFinanceData  : scheduler data called
2023-08-02T11:03:02.817+05:30  INFO 7348 --- [restartedMain] c.s.b.Backtracking1Application           : Starting Backtracking1Application using Java 17.0.7 with PID 7348 (C:\Users\lavanya.dirisala\eclipse-EE-IDE\backtracking1\target\classes started by lavanya.dirisala in C:\Users\lavanya.dirisala\eclipse-EE-IDE\backtracking1)
2023-08-02T11:03:02.825+05:30  INFO 7348 --- [restartedMain] c.s.b.Backtracking1Application           : No active profile set, falling back to 1 default profile: "default"
2023-08-02T11:03:02.922+05:30  INFO 7348 --- [restartedMain] .e.DevToolsPropertyDefaultsPostProcessor : Devtools property defaults active! Set 'spring.devtools.add-properties' to 'false' to disable
2023-08-02T11:03:02.923+05:30  INFO 7348 --- [restartedMain] .e.DevToolsPropertyDefaultsPostProcessor : For additional web related logging consider setting the 'logging.level.web' property to 'DEBUG'
2023-08-02T11:03:04.186+05:30  INFO 7348 --- [restartedMain] .s.d.r.c.RepositoryConfigurationDelegate : Bootstrapping Spring Data JPA repositories in DEFAULT mode.
2023-08-02T11:03:04.303+05:30  INFO 7348 --- [restartedMain] .s.d.r.c.RepositoryConfigurationDelegate : Finished Spring Data repository scanning in 107 ms. Found 7 JPA repository interfaces.
2023-08-02T11:03:05.296+05:30  INFO 7348 --- [restartedMain] o.s.b.w.embedded.tomcat.TomcatWebServer  : Tomcat initialized with port(s): 9090 (http)
2023-08-02T11:03:05.308+05:30  INFO 7348 --- [restartedMain] o.apache.catalina.core.StandardService   : Starting service [Tomcat]
2023-08-02T11:03:05.308+05:30  INFO 7348 --- [restartedMain] o.apache.catalina.core.StandardEngine    : Starting Servlet engine: [Apache Tomcat/10.1.8]
2023-08-02T11:03:05.398+05:30  INFO 7348 --- [restartedMain] o.a.c.c.C.[Tomcat].[localhost].[/]       : Initializing Spring embedded WebApplicationContext
2023-08-02T11:03:05.399+05:30  INFO 7348 --- [restartedMain] w.s.c.ServletWebServerApplicationContext : Root WebApplicationContext: initialization completed in 2476 ms
2023-08-02T11:03:05.438+05:30  INFO 7348 --- [restartedMain] com.zaxxer.hikari.HikariDataSource       : HikariPool-1 - Starting...
2023-08-02T11:03:05.652+05:30  INFO 7348 --- [restartedMain] com.zaxxer.hikari.pool.HikariPool        : HikariPool-1 - Added connection org.postgresql.jdbc.PgConnection@ff0b5c5
2023-08-02T11:03:05.654+05:30  INFO 7348 --- [restartedMain] com.zaxxer.hikari.HikariDataSource       : HikariPool-1 - Start completed.
2023-08-02T11:03:05.668+05:30  INFO 7348 --- [restartedMain] o.s.b.a.h2.H2ConsoleAutoConfiguration    : H2 console available at '/h2-console'. Database available at 'jdbc:postgresql://localhost:5432/Trading'
2023-08-02T11:03:05.790+05:30  INFO 7348 --- [restartedMain] o.hibernate.jpa.internal.util.LogHelper  : HHH000204: Processing PersistenceUnitInfo [name: default]
2023-08-02T11:03:05.849+05:30  INFO 7348 --- [restartedMain] org.hibernate.Version                    : HHH000412: Hibernate ORM core version 6.2.2.Final
2023-08-02T11:03:05.853+05:30  INFO 7348 --- [restartedMain] org.hibernate.cfg.Environment            : HHH000406: Using bytecode reflection optimizer
2023-08-02T11:03:05.990+05:30  INFO 7348 --- [restartedMain] o.h.b.i.BytecodeProviderInitiator        : HHH000021: Bytecode provider name : bytebuddy
2023-08-02T11:03:06.150+05:30  INFO 7348 --- [restartedMain] o.s.o.j.p.SpringPersistenceUnitInfo      : No LoadTimeWeaver setup: ignoring JPA class transformer
2023-08-02T11:03:06.196+05:30  INFO 7348 --- [restartedMain] org.hibernate.orm.dialect                : HHH035001: Using dialect: org.hibernate.dialect.PostgreSQLDialect, version: org.hibernate.engine.jdbc.env.internal.JdbcEnvironmentInitiator$DialectResolutionInfoImpl@32c8edfd
2023-08-02T11:03:06.505+05:30  INFO 7348 --- [restartedMain] o.h.b.i.BytecodeProviderInitiator        : HHH000021: Bytecode provider name : bytebuddy
2023-08-02T11:03:07.279+05:30  INFO 7348 --- [restartedMain] o.h.e.t.j.p.i.JtaPlatformInitiator       : HHH000490: Using JtaPlatform implementation: [org.hibernate.engine.transaction.jta.platform.internal.NoJtaPlatform]
2023-08-02T11:03:07.455+05:30  INFO 7348 --- [restartedMain] j.LocalContainerEntityManagerFactoryBean : Initialized JPA EntityManagerFactory for persistence unit 'default'
2023-08-02T11:03:08.208+05:30  WARN 7348 --- [restartedMain] JpaBaseConfiguration$JpaWebConfiguration : spring.jpa.open-in-view is enabled by default. Therefore, database queries may be performed during view rendering. Explicitly configure spring.jpa.open-in-view to disable this warning
2023-08-02T11:03:09.151+05:30  INFO 7348 --- [restartedMain] o.s.s.web.DefaultSecurityFilterChain     : Will secure any request with [org.springframework.security.web.session.DisableEncodeUrlFilter@4b65c3d3, org.springframework.security.web.context.request.async.WebAsyncManagerIntegrationFilter@bf990b4, org.springframework.security.web.context.SecurityContextHolderFilter@742febe, org.springframework.security.web.header.HeaderWriterFilter@76d6a254, org.springframework.security.web.authentication.logout.LogoutFilter@712b04b8, com.spring.backtracking1.auth.AuthJwtTokenFilter@40c1cb60, org.springframework.security.web.savedrequest.RequestCacheAwareFilter@3318daf3, org.springframework.security.web.servletapi.SecurityContextHolderAwareRequestFilter@678a2cfe, org.springframework.security.web.authentication.AnonymousAuthenticationFilter@7bccff8b, org.springframework.security.web.access.ExceptionTranslationFilter@41a7b806, org.springframework.security.web.access.intercept.AuthorizationFilter@3287e9d]
2023-08-02T11:03:09.493+05:30  INFO 7348 --- [restartedMain] o.s.b.d.a.OptionalLiveReloadServer       : LiveReload server is running on port 35729
2023-08-02T11:03:09.541+05:30  INFO 7348 --- [restartedMain] o.s.b.w.embedded.tomcat.TomcatWebServer  : Tomcat started on port(s): 9090 (http) with context path ''
2023-08-02T11:03:09.552+05:30  INFO 7348 --- [scheduling-1] c.s.b.scheduler.SchedulerForFinanceData  : scheduler data called
2023-08-02T11:03:09.555+05:30  INFO 7348 --- [restartedMain] c.s.b.Backtracking1Application           : Started Backtracking1Application in 7.507 seconds (process running for 8.237)
2023-08-02T11:03:38.657+05:30  INFO 7348 --- [http-nio-9090-exec-1] o.a.c.c.C.[Tomcat].[localhost].[/]       : Initializing Spring DispatcherServlet 'dispatcherServlet'
2023-08-02T11:03:38.658+05:30  INFO 7348 --- [http-nio-9090-exec-1] o.s.web.servlet.DispatcherServlet        : Initializing Servlet 'dispatcherServlet'
2023-08-02T11:03:38.660+05:30  INFO 7348 --- [http-nio-9090-exec-1] o.s.web.servlet.DispatcherServlet        : Completed initialization in 2 ms
2023-08-02T11:03:39.507+05:30  INFO 7348 --- [http-nio-9090-exec-1] c.s.b.controller.UserController          : User has been logged in with the user email manyau@gmail.com
2023-08-02T11:08:09.553+05:30  INFO 7348 --- [scheduling-1] c.s.b.scheduler.SchedulerForFinanceData  : scheduler data called
2023-08-02T11:13:09.565+05:30  INFO 7348 --- [scheduling-1] c.s.b.scheduler.SchedulerForFinanceData  : scheduler data called
2023-08-02T11:18:09.566+05:30  INFO 7348 --- [scheduling-1] c.s.b.scheduler.SchedulerForFinanceData  : scheduler data called
2023-08-02T11:23:09.554+05:30  INFO 7348 --- [scheduling-1] c.s.b.scheduler.SchedulerForFinanceData  : scheduler data called
2023-08-02T11:28:09.553+05:30  INFO 7348 --- [scheduling-1] c.s.b.scheduler.SchedulerForFinanceData  : scheduler data called
2023-08-02T11:33:09.553+05:30  INFO 7348 --- [scheduling-1] c.s.b.scheduler.SchedulerForFinanceData  : scheduler data called
