2023-07-27T18:27:03.911+05:30  INFO 22688 --- [restartedMain] c.s.b.Backtracking1Application           : Starting Backtracking1Application using Java 17.0.7 with PID 22688 (C:\Users\lavanya.dirisala\eclipse-EE-IDE\backtracking1\target\classes started by lavanya.dirisala in C:\Users\lavanya.dirisala\eclipse-EE-IDE\backtracking1)
2023-07-27T18:27:03.912+05:30  INFO 22688 --- [restartedMain] c.s.b.Backtracking1Application           : No active profile set, falling back to 1 default profile: "default"
2023-07-27T18:27:04.872+05:30  INFO 13736 --- [restartedMain] c.s.b.Backtracking1Application           : Starting Backtracking1Application using Java 17.0.7 with PID 13736 (C:\Users\lavanya.dirisala\eclipse-EE-IDE\backtracking1\target\classes started by lavanya.dirisala in C:\Users\lavanya.dirisala\eclipse-EE-IDE\backtracking1)
2023-07-27T18:27:04.879+05:30  INFO 13736 --- [restartedMain] c.s.b.Backtracking1Application           : No active profile set, falling back to 1 default profile: "default"
2023-07-27T18:27:05.052+05:30  INFO 13736 --- [restartedMain] .e.DevToolsPropertyDefaultsPostProcessor : Devtools property defaults active! Set 'spring.devtools.add-properties' to 'false' to disable
2023-07-27T18:27:05.052+05:30  INFO 13736 --- [restartedMain] .e.DevToolsPropertyDefaultsPostProcessor : For additional web related logging consider setting the 'logging.level.web' property to 'DEBUG'
2023-07-27T18:27:05.168+05:30  INFO 22688 --- [restartedMain] .s.d.r.c.RepositoryConfigurationDelegate : Bootstrapping Spring Data JPA repositories in DEFAULT mode.
2023-07-27T18:27:05.349+05:30  INFO 22688 --- [restartedMain] .s.d.r.c.RepositoryConfigurationDelegate : Finished Spring Data repository scanning in 179 ms. Found 7 JPA repository interfaces.
2023-07-27T18:27:06.595+05:30  INFO 22688 --- [restartedMain] o.s.b.w.embedded.tomcat.TomcatWebServer  : Tomcat initialized with port(s): 8080 (http)
2023-07-27T18:27:06.598+05:30  INFO 22688 --- [restartedMain] o.apache.catalina.core.StandardService   : Starting service [Tomcat]
2023-07-27T18:27:06.599+05:30  INFO 22688 --- [restartedMain] o.apache.catalina.core.StandardEngine    : Starting Servlet engine: [Apache Tomcat/10.1.8]
2023-07-27T18:27:06.676+05:30  INFO 22688 --- [restartedMain] o.a.c.c.C.[Tomcat].[localhost].[/]       : Initializing Spring embedded WebApplicationContext
2023-07-27T18:27:06.677+05:30  INFO 22688 --- [restartedMain] w.s.c.ServletWebServerApplicationContext : Root WebApplicationContext: initialization completed in 2734 ms
2023-07-27T18:27:06.794+05:30  INFO 22688 --- [restartedMain] o.hibernate.jpa.internal.util.LogHelper  : HHH000204: Processing PersistenceUnitInfo [name: default]
2023-07-27T18:27:06.819+05:30  INFO 22688 --- [restartedMain] o.h.b.i.BytecodeProviderInitiator        : HHH000021: Bytecode provider name : bytebuddy
2023-07-27T18:27:06.819+05:30  INFO 22688 --- [restartedMain] o.s.o.j.p.SpringPersistenceUnitInfo      : No LoadTimeWeaver setup: ignoring JPA class transformer
2023-07-27T18:27:06.821+05:30  INFO 22688 --- [restartedMain] com.zaxxer.hikari.HikariDataSource       : HikariPool-2 - Starting...
2023-07-27T18:27:06.903+05:30  INFO 22688 --- [restartedMain] com.zaxxer.hikari.pool.HikariPool        : HikariPool-2 - Added connection org.postgresql.jdbc.PgConnection@53bbef3d
2023-07-27T18:27:06.903+05:30  INFO 22688 --- [restartedMain] com.zaxxer.hikari.HikariDataSource       : HikariPool-2 - Start completed.
2023-07-27T18:27:06.920+05:30  INFO 22688 --- [restartedMain] org.hibernate.orm.dialect                : HHH035001: Using dialect: org.hibernate.dialect.PostgreSQLDialect, version: org.hibernate.engine.jdbc.env.internal.JdbcEnvironmentInitiator$DialectResolutionInfoImpl@71814850
2023-07-27T18:27:07.002+05:30  INFO 22688 --- [restartedMain] o.h.b.i.BytecodeProviderInitiator        : HHH000021: Bytecode provider name : bytebuddy
2023-07-27T18:27:07.056+05:30  INFO 13736 --- [restartedMain] .s.d.r.c.RepositoryConfigurationDelegate : Bootstrapping Spring Data JPA repositories in DEFAULT mode.
2023-07-27T18:27:07.248+05:30  INFO 22688 --- [restartedMain] o.h.e.t.j.p.i.JtaPlatformInitiator       : HHH000490: Using JtaPlatform implementation: [org.hibernate.engine.transaction.jta.platform.internal.NoJtaPlatform]
2023-07-27T18:27:07.266+05:30  INFO 13736 --- [restartedMain] .s.d.r.c.RepositoryConfigurationDelegate : Finished Spring Data repository scanning in 187 ms. Found 7 JPA repository interfaces.
2023-07-27T18:27:07.431+05:30  INFO 22688 --- [restartedMain] j.LocalContainerEntityManagerFactoryBean : Initialized JPA EntityManagerFactory for persistence unit 'default'
2023-07-27T18:27:08.184+05:30  WARN 22688 --- [restartedMain] JpaBaseConfiguration$JpaWebConfiguration : spring.jpa.open-in-view is enabled by default. Therefore, database queries may be performed during view rendering. Explicitly configure spring.jpa.open-in-view to disable this warning
2023-07-27T18:27:09.673+05:30  INFO 22688 --- [restartedMain] o.s.s.web.DefaultSecurityFilterChain     : Will secure any request with [org.springframework.security.web.session.DisableEncodeUrlFilter@2ba6d3ae, org.springframework.security.web.context.request.async.WebAsyncManagerIntegrationFilter@439a2d43, org.springframework.security.web.context.SecurityContextHolderFilter@129c4745, org.springframework.security.web.header.HeaderWriterFilter@248c2297, org.springframework.security.web.authentication.logout.LogoutFilter@d8cea91, com.spring.backtracking1.auth.AuthJwtTokenFilter@2cae1b6e, org.springframework.security.web.savedrequest.RequestCacheAwareFilter@10cda504, org.springframework.security.web.servletapi.SecurityContextHolderAwareRequestFilter@451f579e, org.springframework.security.web.authentication.AnonymousAuthenticationFilter@7ab3b606, org.springframework.security.web.access.ExceptionTranslationFilter@333cc764, org.springframework.security.web.access.intercept.AuthorizationFilter@1e7b0f5f]
2023-07-27T18:27:09.860+05:30  INFO 22688 --- [restartedMain] o.s.b.d.a.OptionalLiveReloadServer       : LiveReload server is running on port 35729
2023-07-27T18:27:09.893+05:30  INFO 22688 --- [restartedMain] o.s.b.w.embedded.tomcat.TomcatWebServer  : Tomcat started on port(s): 8080 (http) with context path ''
2023-07-27T18:27:09.902+05:30  INFO 22688 --- [restartedMain] c.s.b.Backtracking1Application           : Started Backtracking1Application in 6.15 seconds (process running for 5505.915)
2023-07-27T18:27:09.902+05:30  INFO 22688 --- [scheduling-1] c.s.b.scheduler.SchedulerForFinanceData  : scheduler data called
2023-07-27T18:27:09.923+05:30  INFO 22688 --- [restartedMain] .ConditionEvaluationDeltaLoggingListener : Condition evaluation unchanged
2023-07-27T18:27:10.073+05:30  INFO 13736 --- [restartedMain] o.s.b.w.embedded.tomcat.TomcatWebServer  : Tomcat initialized with port(s): 8080 (http)
2023-07-27T18:27:10.091+05:30  INFO 13736 --- [restartedMain] o.apache.catalina.core.StandardService   : Starting service [Tomcat]
2023-07-27T18:27:10.093+05:30  INFO 13736 --- [restartedMain] o.apache.catalina.core.StandardEngine    : Starting Servlet engine: [Apache Tomcat/10.1.8]
2023-07-27T18:27:10.239+05:30  INFO 13736 --- [restartedMain] o.a.c.c.C.[Tomcat].[localhost].[/]       : Initializing Spring embedded WebApplicationContext
2023-07-27T18:27:10.240+05:30  INFO 13736 --- [restartedMain] w.s.c.ServletWebServerApplicationContext : Root WebApplicationContext: initialization completed in 5186 ms
2023-07-27T18:27:10.538+05:30  INFO 13736 --- [restartedMain] o.hibernate.jpa.internal.util.LogHelper  : HHH000204: Processing PersistenceUnitInfo [name: default]
2023-07-27T18:27:10.623+05:30  INFO 13736 --- [restartedMain] org.hibernate.Version                    : HHH000412: Hibernate ORM core version 6.2.2.Final
2023-07-27T18:27:10.629+05:30  INFO 13736 --- [restartedMain] org.hibernate.cfg.Environment            : HHH000406: Using bytecode reflection optimizer
2023-07-27T18:27:10.810+05:30  INFO 13736 --- [restartedMain] o.h.b.i.BytecodeProviderInitiator        : HHH000021: Bytecode provider name : bytebuddy
2023-07-27T18:27:10.973+05:30  INFO 13736 --- [restartedMain] o.s.o.j.p.SpringPersistenceUnitInfo      : No LoadTimeWeaver setup: ignoring JPA class transformer
2023-07-27T18:27:10.991+05:30  INFO 13736 --- [restartedMain] com.zaxxer.hikari.HikariDataSource       : HikariPool-1 - Starting...
2023-07-27T18:27:11.174+05:30  INFO 13736 --- [restartedMain] com.zaxxer.hikari.pool.HikariPool        : HikariPool-1 - Added connection org.postgresql.jdbc.PgConnection@25f50642
2023-07-27T18:27:11.176+05:30  INFO 13736 --- [restartedMain] com.zaxxer.hikari.HikariDataSource       : HikariPool-1 - Start completed.
2023-07-27T18:27:11.220+05:30  INFO 13736 --- [restartedMain] org.hibernate.orm.dialect                : HHH035001: Using dialect: org.hibernate.dialect.PostgreSQLDialect, version: org.hibernate.engine.jdbc.env.internal.JdbcEnvironmentInitiator$DialectResolutionInfoImpl@7fceda32
2023-07-27T18:27:11.580+05:30  INFO 13736 --- [restartedMain] o.h.b.i.BytecodeProviderInitiator        : HHH000021: Bytecode provider name : bytebuddy
2023-07-27T18:27:12.472+05:30  INFO 13736 --- [restartedMain] o.h.e.t.j.p.i.JtaPlatformInitiator       : HHH000490: Using JtaPlatform implementation: [org.hibernate.engine.transaction.jta.platform.internal.NoJtaPlatform]
2023-07-27T18:27:12.691+05:30  INFO 13736 --- [restartedMain] j.LocalContainerEntityManagerFactoryBean : Initialized JPA EntityManagerFactory for persistence unit 'default'
2023-07-27T18:27:13.455+05:30  WARN 13736 --- [restartedMain] JpaBaseConfiguration$JpaWebConfiguration : spring.jpa.open-in-view is enabled by default. Therefore, database queries may be performed during view rendering. Explicitly configure spring.jpa.open-in-view to disable this warning
2023-07-27T18:27:14.979+05:30  INFO 13736 --- [restartedMain] o.s.s.web.DefaultSecurityFilterChain     : Will secure any request with [org.springframework.security.web.session.DisableEncodeUrlFilter@50bfe67a, org.springframework.security.web.context.request.async.WebAsyncManagerIntegrationFilter@78b1d6e0, org.springframework.security.web.context.SecurityContextHolderFilter@13655338, org.springframework.security.web.header.HeaderWriterFilter@68229f10, org.springframework.security.web.authentication.logout.LogoutFilter@13ab8066, com.spring.backtracking1.auth.AuthJwtTokenFilter@1e5a88f4, org.springframework.security.web.savedrequest.RequestCacheAwareFilter@7404e168, org.springframework.security.web.servletapi.SecurityContextHolderAwareRequestFilter@5ad0e423, org.springframework.security.web.authentication.AnonymousAuthenticationFilter@1e28aaa8, org.springframework.security.web.access.ExceptionTranslationFilter@4ea70339, org.springframework.security.web.access.intercept.AuthorizationFilter@38020481]
2023-07-27T18:27:15.496+05:30  WARN 13736 --- [restartedMain] o.s.b.d.a.OptionalLiveReloadServer       : Unable to start LiveReload server
2023-07-27T18:27:15.528+05:30  WARN 13736 --- [restartedMain] ConfigServletWebServerApplicationContext : Exception encountered during context initialization - cancelling refresh attempt: org.springframework.context.ApplicationContextException: Failed to start bean 'webServerStartStop'
2023-07-27T18:27:15.534+05:30  INFO 13736 --- [restartedMain] j.LocalContainerEntityManagerFactoryBean : Closing JPA EntityManagerFactory for persistence unit 'default'
2023-07-27T18:27:15.539+05:30  INFO 13736 --- [restartedMain] com.zaxxer.hikari.HikariDataSource       : HikariPool-1 - Shutdown initiated...
2023-07-27T18:27:15.545+05:30  INFO 13736 --- [restartedMain] com.zaxxer.hikari.HikariDataSource       : HikariPool-1 - Shutdown completed.
2023-07-27T18:27:15.551+05:30  INFO 13736 --- [restartedMain] o.apache.catalina.core.StandardService   : Stopping service [Tomcat]
2023-07-27T18:27:15.575+05:30  INFO 13736 --- [restartedMain] .s.b.a.l.ConditionEvaluationReportLogger : 

Error starting ApplicationContext. To display the condition evaluation report re-run your application with 'debug' enabled.
2023-07-27T18:27:15.613+05:30 ERROR 13736 --- [restartedMain] o.s.b.d.LoggingFailureAnalysisReporter   : 

***************************
APPLICATION FAILED TO START
***************************

Description:

Web server failed to start. Port 8080 was already in use.

Action:

Identify and stop the process that's listening on port 8080 or configure this application to listen on another port.

2023-07-27T18:27:39.448+05:30  INFO 14748 --- [restartedMain] c.s.b.Backtracking1Application           : Starting Backtracking1Application using Java 17.0.7 with PID 14748 (C:\Users\lavanya.dirisala\eclipse-EE-IDE\backtracking1\target\classes started by lavanya.dirisala in C:\Users\lavanya.dirisala\eclipse-EE-IDE\backtracking1)
2023-07-27T18:27:39.451+05:30  INFO 14748 --- [restartedMain] c.s.b.Backtracking1Application           : No active profile set, falling back to 1 default profile: "default"
2023-07-27T18:27:39.517+05:30  INFO 14748 --- [restartedMain] .e.DevToolsPropertyDefaultsPostProcessor : Devtools property defaults active! Set 'spring.devtools.add-properties' to 'false' to disable
2023-07-27T18:27:39.517+05:30  INFO 14748 --- [restartedMain] .e.DevToolsPropertyDefaultsPostProcessor : For additional web related logging consider setting the 'logging.level.web' property to 'DEBUG'
2023-07-27T18:27:40.510+05:30  INFO 14748 --- [restartedMain] .s.d.r.c.RepositoryConfigurationDelegate : Bootstrapping Spring Data JPA repositories in DEFAULT mode.
2023-07-27T18:27:40.607+05:30  INFO 14748 --- [restartedMain] .s.d.r.c.RepositoryConfigurationDelegate : Finished Spring Data repository scanning in 89 ms. Found 7 JPA repository interfaces.
2023-07-27T18:27:41.538+05:30  INFO 14748 --- [restartedMain] o.s.b.w.embedded.tomcat.TomcatWebServer  : Tomcat initialized with port(s): 8080 (http)
2023-07-27T18:27:41.549+05:30  INFO 14748 --- [restartedMain] o.apache.catalina.core.StandardService   : Starting service [Tomcat]
2023-07-27T18:27:41.549+05:30  INFO 14748 --- [restartedMain] o.apache.catalina.core.StandardEngine    : Starting Servlet engine: [Apache Tomcat/10.1.8]
2023-07-27T18:27:41.634+05:30  INFO 14748 --- [restartedMain] o.a.c.c.C.[Tomcat].[localhost].[/]       : Initializing Spring embedded WebApplicationContext
2023-07-27T18:27:41.634+05:30  INFO 14748 --- [restartedMain] w.s.c.ServletWebServerApplicationContext : Root WebApplicationContext: initialization completed in 2116 ms
2023-07-27T18:27:41.817+05:30  INFO 14748 --- [restartedMain] o.hibernate.jpa.internal.util.LogHelper  : HHH000204: Processing PersistenceUnitInfo [name: default]
2023-07-27T18:27:41.874+05:30  INFO 14748 --- [restartedMain] org.hibernate.Version                    : HHH000412: Hibernate ORM core version 6.2.2.Final
2023-07-27T18:27:41.878+05:30  INFO 14748 --- [restartedMain] org.hibernate.cfg.Environment            : HHH000406: Using bytecode reflection optimizer
2023-07-27T18:27:42.021+05:30  INFO 14748 --- [restartedMain] o.h.b.i.BytecodeProviderInitiator        : HHH000021: Bytecode provider name : bytebuddy
2023-07-27T18:27:42.166+05:30  INFO 14748 --- [restartedMain] o.s.o.j.p.SpringPersistenceUnitInfo      : No LoadTimeWeaver setup: ignoring JPA class transformer
2023-07-27T18:27:42.194+05:30  INFO 14748 --- [restartedMain] com.zaxxer.hikari.HikariDataSource       : HikariPool-1 - Starting...
2023-07-27T18:27:42.360+05:30  INFO 14748 --- [restartedMain] com.zaxxer.hikari.pool.HikariPool        : HikariPool-1 - Added connection org.postgresql.jdbc.PgConnection@cbd1c54
2023-07-27T18:27:42.363+05:30  INFO 14748 --- [restartedMain] com.zaxxer.hikari.HikariDataSource       : HikariPool-1 - Start completed.
2023-07-27T18:27:42.401+05:30  INFO 14748 --- [restartedMain] org.hibernate.orm.dialect                : HHH035001: Using dialect: org.hibernate.dialect.PostgreSQLDialect, version: org.hibernate.engine.jdbc.env.internal.JdbcEnvironmentInitiator$DialectResolutionInfoImpl@6b2b56c1
2023-07-27T18:27:42.718+05:30  INFO 14748 --- [restartedMain] o.h.b.i.BytecodeProviderInitiator        : HHH000021: Bytecode provider name : bytebuddy
2023-07-27T18:27:43.857+05:30  INFO 14748 --- [restartedMain] o.h.e.t.j.p.i.JtaPlatformInitiator       : HHH000490: Using JtaPlatform implementation: [org.hibernate.engine.transaction.jta.platform.internal.NoJtaPlatform]
2023-07-27T18:27:44.056+05:30  INFO 14748 --- [restartedMain] j.LocalContainerEntityManagerFactoryBean : Initialized JPA EntityManagerFactory for persistence unit 'default'
2023-07-27T18:27:45.096+05:30  WARN 14748 --- [restartedMain] JpaBaseConfiguration$JpaWebConfiguration : spring.jpa.open-in-view is enabled by default. Therefore, database queries may be performed during view rendering. Explicitly configure spring.jpa.open-in-view to disable this warning
2023-07-27T18:27:46.628+05:30  INFO 14748 --- [restartedMain] o.s.s.web.DefaultSecurityFilterChain     : Will secure any request with [org.springframework.security.web.session.DisableEncodeUrlFilter@1c2f252a, org.springframework.security.web.context.request.async.WebAsyncManagerIntegrationFilter@3e2c939f, org.springframework.security.web.context.SecurityContextHolderFilter@58af44c3, org.springframework.security.web.header.HeaderWriterFilter@405fb5c3, org.springframework.security.web.authentication.logout.LogoutFilter@2d3dd167, com.spring.backtracking1.auth.AuthJwtTokenFilter@38dab5a7, org.springframework.security.web.savedrequest.RequestCacheAwareFilter@3cabd1e5, org.springframework.security.web.servletapi.SecurityContextHolderAwareRequestFilter@5e015665, org.springframework.security.web.authentication.AnonymousAuthenticationFilter@347f5a88, org.springframework.security.web.access.ExceptionTranslationFilter@1563d9cf, org.springframework.security.web.access.intercept.AuthorizationFilter@23003424]
2023-07-27T18:27:47.187+05:30  INFO 14748 --- [restartedMain] o.s.b.d.a.OptionalLiveReloadServer       : LiveReload server is running on port 35729
2023-07-27T18:27:47.250+05:30  INFO 14748 --- [restartedMain] o.s.b.w.embedded.tomcat.TomcatWebServer  : Tomcat started on port(s): 8080 (http) with context path ''
2023-07-27T18:27:47.265+05:30  INFO 14748 --- [scheduling-1] c.s.b.scheduler.SchedulerForFinanceData  : scheduler data called
2023-07-27T18:27:47.269+05:30  INFO 14748 --- [restartedMain] c.s.b.Backtracking1Application           : Started Backtracking1Application in 8.299 seconds (process running for 9.02)
2023-07-27T18:28:29.872+05:30  INFO 14748 --- [http-nio-8080-exec-2] o.a.c.c.C.[Tomcat].[localhost].[/]       : Initializing Spring DispatcherServlet 'dispatcherServlet'
2023-07-27T18:28:29.872+05:30  INFO 14748 --- [http-nio-8080-exec-2] o.s.web.servlet.DispatcherServlet        : Initializing Servlet 'dispatcherServlet'
2023-07-27T18:28:29.873+05:30  INFO 14748 --- [http-nio-8080-exec-2] o.s.web.servlet.DispatcherServlet        : Completed initialization in 1 ms
2023-07-27T18:30:51.733+05:30  WARN 14748 --- [http-nio-8080-exec-4] com.spring.backtracking1.auth.JwtUtil    : Exception - INVALID JWT TOKEN
2023-07-27T18:31:33.503+05:30  INFO 14748 --- [http-nio-8080-exec-4] c.s.b.controller.FinanceController       : FINANCE METHOD GOT CALLED
2023-07-27T18:31:34.980+05:30  INFO 14748 --- [http-nio-8080-exec-4] c.s.b.controller.FinanceController       : GETTING STOCK DATA FOR SYMBOL AAPL FUNCTION TIME_SERIES_INTRADAY
2023-07-27T18:32:47.276+05:30  INFO 14748 --- [scheduling-1] c.s.b.scheduler.SchedulerForFinanceData  : scheduler data called
2023-07-27T18:37:47.275+05:30  INFO 14748 --- [scheduling-1] c.s.b.scheduler.SchedulerForFinanceData  : scheduler data called
2023-07-27T18:42:47.276+05:30  INFO 14748 --- [scheduling-1] c.s.b.scheduler.SchedulerForFinanceData  : scheduler data called
2023-07-27T18:46:51.641+05:30  WARN 14748 --- [http-nio-8080-exec-8] com.spring.backtracking1.auth.JwtUtil    : Exception - INVALID JWT TOKEN
2023-07-27T18:46:53.149+05:30  INFO 14748 --- [http-nio-8080-exec-8] c.s.b.controller.FinanceController       : FINANCE METHOD GOT CALLED
2023-07-27T18:46:53.150+05:30  INFO 14748 --- [http-nio-8080-exec-8] c.s.b.controller.FinanceController       : GETTING STOCK DATA FOR SYMBOL IBM FUNCTION TIME_SERIES_INTRADAY
2023-07-27T18:47:47.265+05:30  INFO 14748 --- [scheduling-1] c.s.b.scheduler.SchedulerForFinanceData  : scheduler data called
2023-07-27T18:48:12.257+05:30  WARN 14748 --- [http-nio-8080-exec-9] com.spring.backtracking1.auth.JwtUtil    : Exception - INVALID JWT TOKEN
2023-07-27T18:49:11.576+05:30  INFO 14748 --- [http-nio-8080-exec-9] c.s.b.controller.FinanceController       : FINANCE METHOD GOT CALLED
2023-07-27T18:49:11.578+05:30  INFO 14748 --- [http-nio-8080-exec-9] c.s.b.controller.FinanceController       : GETTING STOCK DATA FOR SYMBOL IBM FUNCTION TIME_SERIES_INTRADAY
2023-07-27T18:51:45.114+05:30  WARN 14748 --- [http-nio-8080-exec-1] com.spring.backtracking1.auth.JwtUtil    : Exception - INVALID JWT TOKEN
